<?xml version="1.0" encoding="UTF-8"?>
<!-- Generated by org.testng.reporters.JUnitXMLReporter -->
<testsuite ignored="1" hostname="IndrajitKapare" failures="0" tests="2" name="Test" time="26.651" errors="0" timestamp="2025-02-09T16:32:20 IST">
  <testcase classname="testCases.TC002_LoginTest" name="verify_Login" time="2.053"/>
  <testcase classname="testCases.TC001_AccountRegistrationTest" name="verifyAccountRegistration" time="2.211"/>
  <testcase classname="testCases.TC003_LoginTestDDT" name="verify_Login_DDT" time="0.0">
    <ignored/>
  </testcase> <!-- verify_Login_DDT -->
</testsuite> <!-- Test -->
